                   --------------------- Error(2020-10-02 15:21:32.1675)CS-DC-17-------------------- 
                   
                   Exception Type:System.Data.EntityCommandExecutionException
                   Exception Message:An error occurred while executing the command definition. See the inner exception for details.
                   Stack Trace:
                   Source:System.Data.Entity
                   Additional Info:Error occured in Result set | UserName: admin
                   
                   --------------------- Error(2020-10-02 15:23:09.0493)CS-DC-17-------------------- 
                   
                   Exception Type:System.Data.EntityCommandExecutionException
                   Exception Message:An error occurred while executing the command definition. See the inner exception for details.
                   Stack Trace:
                   Source:System.Data.Entity
                   Additional Info:Error occured in Result set | UserName: admin
                   
                   --------------------- Error(2020-10-07 10:43:39.4971)CS-DC-17-------------------- 
                   
                   Exception Type:System.FormatException
                   Exception Message:Input string was not in a correct format.
                   Stack Trace:
                   Source:mscorlib
                   Additional Info:Error occured Storyborad in GetCompareResultList method | UserName: admin
                   
                   --------------------- Error(2020-10-07 10:43:39.5240)CS-DC-17-------------------- 
                   
                   Exception Type:System.FormatException
                   Exception Message:Input string was not in a correct format.
                   Stack Trace:
                   Source:mscorlib
                   Additional Info:Error occured in Result set | UserName: admin
                   
                   --------------------- Error(2020-10-07 10:44:09.7202)CS-DC-17-------------------- 
                   
                   Exception Type:System.FormatException
                   Exception Message:Input string was not in a correct format.
                   Stack Trace:
                   Source:mscorlib
                   Additional Info:Error occured Storyborad in GetCompareResultList method | UserName: admin
                   
                   --------------------- Error(2020-10-07 10:44:09.7401)CS-DC-17-------------------- 
                   
                   Exception Type:System.FormatException
                   Exception Message:Input string was not in a correct format.
                   Stack Trace:
                   Source:mscorlib
                   Additional Info:Error occured in Result set | UserName: admin
                   
                   --------------------- Error(2020-10-07 10:45:35.2882)CS-DC-17-------------------- 
                   
                   Exception Type:System.ArgumentOutOfRangeException
                   Exception Message:startIndex must be less than length of string.
Parameter name: startIndex
                   Stack Trace:
                   Source:mscorlib
                   Additional Info:Error occured Storyborad in GetCompareResultList method | UserName: admin
                   
                   --------------------- Error(2020-10-07 10:45:35.3471)CS-DC-17-------------------- 
                   
                   Exception Type:System.ArgumentOutOfRangeException
                   Exception Message:startIndex must be less than length of string.
Parameter name: startIndex
                   Stack Trace:
                   Source:mscorlib
                   Additional Info:Error occured in Result set | UserName: admin
                   
                   --------------------- Error(2020-10-07 10:45:47.1335)CS-DC-17-------------------- 
                   
                   Exception Type:System.ArgumentOutOfRangeException
                   Exception Message:startIndex must be less than length of string.
Parameter name: startIndex
                   Stack Trace:
                   Source:mscorlib
                   Additional Info:Error occured Storyborad in GetCompareResultList method | UserName: admin
                   
                   --------------------- Error(2020-10-07 10:45:47.1714)CS-DC-17-------------------- 
                   
                   Exception Type:System.ArgumentOutOfRangeException
                   Exception Message:startIndex must be less than length of string.
Parameter name: startIndex
                   Stack Trace:
                   Source:mscorlib
                   Additional Info:Error occured in Result set | UserName: admin
                   
                   --------------------- Error(2020-10-12 18:28:46.3409)CS-DC-17-------------------- 
                   
                   Exception Type:System.NullReferenceException
                   Exception Message:Object reference not set to an instance of an object.
                   Stack Trace:
                   Source:MARS_Web
                   Additional Info:Error occured in GetDatabaseConnectionDetails | Database: GEN_MARS_4
                   
                   --------------------- Error(2020-10-12 18:28:51.5569)CS-DC-17-------------------- 
                   
                   Exception Type:System.NullReferenceException
                   Exception Message:Object reference not set to an instance of an object.
                   Stack Trace:
                   Source:MARS_Web
                   Additional Info:Error occured in GetDatabaseConnectionDetails | Database: GEN_MARS_4
                   
                   --------------------- Error(2020-10-12 18:31:28.3239)CS-DC-17-------------------- 
                   
                   Exception Type:System.ArgumentException
                   Exception Message:Column 'COMMENT' does not belong to table Table.
                   Stack Trace:
                   Source:System.Data
                   Additional Info:Error occured Storyborad in GetCompareResultList method | UserName: admin
                   
                   --------------------- Error(2020-10-12 18:31:28.3459)CS-DC-17-------------------- 
                   
                   Exception Type:System.ArgumentException
                   Exception Message:Column 'COMMENT' does not belong to table Table.
                   Stack Trace:
                   Source:System.Data
                   Additional Info:Error occured in Result set | UserName: admin
                   
                   --------------------- Error(2020-10-12 18:31:46.2939)CS-DC-17-------------------- 
                   
                   Exception Type:System.ArgumentException
                   Exception Message:Column 'COMMENT' does not belong to table Table.
                   Stack Trace:
                   Source:System.Data
                   Additional Info:Error occured Storyborad in GetCompareResultList method | UserName: admin
                   
                   --------------------- Error(2020-10-12 18:31:46.3119)CS-DC-17-------------------- 
                   
                   Exception Type:System.ArgumentException
                   Exception Message:Column 'COMMENT' does not belong to table Table.
                   Stack Trace:
                   Source:System.Data
                   Additional Info:Error occured in Result set | UserName: admin
                   
                   --------------------- Error(2020-10-12 18:33:09.7988)CS-DC-17-------------------- 
                   
                   Exception Type:System.ArgumentException
                   Exception Message:Column 'COMMENT' does not belong to table Table.
                   Stack Trace:
                   Source:System.Data
                   Additional Info:Error occured Storyborad in GetCompareResultList method | UserName: admin
                   
                   --------------------- Error(2020-10-12 18:33:09.8207)CS-DC-17-------------------- 
                   
                   Exception Type:System.ArgumentException
                   Exception Message:Column 'COMMENT' does not belong to table Table.
                   Stack Trace:
                   Source:System.Data
                   Additional Info:Error occured in Result set | UserName: admin
                   
                   --------------------- Error(2020-10-12 18:35:21.4424)CS-DC-17-------------------- 
                   
                   Exception Type:System.ArgumentException
                   Exception Message:Column 'COMMENT' does not belong to table Table.
                   Stack Trace:
                   Source:System.Data
                   Additional Info:Error occured Storyborad in GetCompareResultList method | UserName: admin
                   
                   --------------------- Error(2020-10-12 18:35:21.4614)CS-DC-17-------------------- 
                   
                   Exception Type:System.ArgumentException
                   Exception Message:Column 'COMMENT' does not belong to table Table.
                   Stack Trace:
                   Source:System.Data
                   Additional Info:Error occured in Result set | UserName: admin
                   
                   --------------------- Error(2020-10-12 18:37:22.2746)CS-DC-17-------------------- 
                   
                   Exception Type:System.ArgumentException
                   Exception Message:Column 'COMMENT' does not belong to table Table.
                   Stack Trace:
                   Source:System.Data
                   Additional Info:Error occured Storyborad in GetCompareResultList method | UserName: admin
                   
                   --------------------- Error(2020-10-12 18:37:22.2916)CS-DC-17-------------------- 
                   
                   Exception Type:System.ArgumentException
                   Exception Message:Column 'COMMENT' does not belong to table Table.
                   Stack Trace:
                   Source:System.Data
                   Additional Info:Error occured in Result set | UserName: admin
                   
                   --------------------- Error(2020-10-15 16:31:48.9343)CS-DC-17-------------------- 
                   
                   Exception Type:System.Data.EntityException
                   Exception Message:The underlying provider failed on Open.
                   Stack Trace:
                   Source:System.Data.Entity
                   Additional Info:Error occured in GetGridList Method | UseName: admin
                   
                   --------------------- Error(2020-10-15 16:31:48.9715)CS-DC-17-------------------- 
                   
                   Exception Type:System.Data.EntityException
                   Exception Message:The underlying provider failed on Open.
                   Stack Trace:
                   Source:System.Data.Entity
                   Additional Info:Error occured in Storyborad | UserName: admin
                   
                   --------------------- Error(2020-10-15 16:31:50.4692)CS-DC-17-------------------- 
                   
                   Exception Type:System.Data.EntityException
                   Exception Message:The underlying provider failed on Open.
                   Stack Trace:
                   Source:System.Data.Entity
                   Additional Info:Error occured storyborad in GetProjectNameById method | UserName: admin
                   
                   --------------------- Error(2020-10-15 16:31:50.4848)CS-DC-17-------------------- 
                   
                   Exception Type:System.Data.EntityException
                   Exception Message:The underlying provider failed on Open.
                   Stack Trace:
                   Source:System.Data.Entity
                   Additional Info:Error occured in Storyboard | UserName: admin
                   
                   --------------------- Error(2020-10-16 17:20:01.4316)CS-DC-17-------------------- 
                   
                   Exception Type:System.NullReferenceException
                   Exception Message:Object reference not set to an instance of an object.
                   Stack Trace:
                   Source:MARS_Web
                   Additional Info:Error occured in GetDatabaseConnectionDetails | Database: GEN_MARS_5
                   
                   --------------------- Error(2020-10-16 17:20:13.1762)CS-DC-17-------------------- 
                   
                   Exception Type:System.NullReferenceException
                   Exception Message:Object reference not set to an instance of an object.
                   Stack Trace:
                   Source:MARS_Web
                   Additional Info:Error occured in GetDatabaseConnectionDetails | Database: GEN_MARS_5
                   
                   --------------------- Error(2020-10-23 16:42:58.5452)CS-DC-17-------------------- 
                   
                   Exception Type:System.NullReferenceException
                   Exception Message:Object reference not set to an instance of an object.
                   Stack Trace:
                   Source:MARS_Web
                   Additional Info:Error occured in GetDatabaseConnectionDetails | Database: GEN_MARS_8
                   
                   --------------------- Error(2020-10-23 16:43:08.2801)CS-DC-17-------------------- 
                   
                   Exception Type:System.NullReferenceException
                   Exception Message:Object reference not set to an instance of an object.
                   Stack Trace:
                   Source:MARS_Web
                   Additional Info:Error occured in GetDatabaseConnectionDetails | Database: GEN_MARS_8
                   
                   --------------------- Error(2020-10-23 17:35:32.1034)CS-DC-17-------------------- 
                   
                   Exception Type:System.NullReferenceException
                   Exception Message:Object reference not set to an instance of an object.
                   Stack Trace:
                   Source:MARS_Web
                   Additional Info:Error occured in GetDatabaseConnectionDetails | Database: GEN_MARS_8
                   
