                   --------------------- Info(2021-07-07 15:23:38.7971)CS-DC-17-------------------- 
                   
                   Additional Info:Get Database Connection Details start | Database: GEN_MARS_31
                  
                   --------------------- Info(2021-07-07 15:23:38.8161)CS-DC-17-------------------- 
                   
                   Additional Info:Get Database Connection Details end | Database: GEN_MARS_31
                  
                   --------------------- Info(2021-07-07 15:23:39.1661)CS-DC-17-------------------- 
                   
                   Additional Info:Get User Info start| UserName: Regr4
                  
                   --------------------- Info(2021-07-07 15:23:56.5530)CS-DC-17-------------------- 
                   
                   Additional Info:Get User Info end| UserName: Regr4
                  
                   --------------------- Info(2021-07-07 15:24:56.8843)CS-DC-17-------------------- 
                   
                   Additional Info:Get Database Connection Details start | Database: GEN_MARS_31
                  
                   --------------------- Info(2021-07-07 15:24:56.8843)CS-DC-17-------------------- 
                   
                   Additional Info:Get Database Connection Details end | Database: GEN_MARS_31
                  
                   --------------------- Info(2021-07-07 15:24:56.9793)CS-DC-17-------------------- 
                   
                   Additional Info:Get User Info start| UserName: Regr4
                  
                   --------------------- Info(2021-07-07 15:25:13.8149)CS-DC-17-------------------- 
                   
                   Additional Info:Get User Info end| UserName: Regr4
                  
                   --------------------- Info(2021-07-07 15:25:33.7268)CS-DC-17-------------------- 
                   
                   Additional Info:Get Database Connection Details start | Database: GEN_MARS_31
                  
                   --------------------- Info(2021-07-07 15:25:33.7268)CS-DC-17-------------------- 
                   
                   Additional Info:Get Database Connection Details end | Database: GEN_MARS_31
                  
                   --------------------- Info(2021-07-07 15:25:33.7898)CS-DC-17-------------------- 
                   
                   Additional Info:Get User Info start| UserName: Regr4
                  
                   --------------------- Info(2021-07-07 15:25:50.7041)CS-DC-17-------------------- 
                   
                   Additional Info:Get User Info end| UserName: Regr4
                  
                   --------------------- Info(2021-07-07 15:25:54.4265)CS-DC-17-------------------- 
                   
                   Additional Info:Get Database Connection Details start | Database: GEN_MARS_31
                  
                   --------------------- Info(2021-07-07 15:25:54.4265)CS-DC-17-------------------- 
                   
                   Additional Info:Get Database Connection Details end | Database: GEN_MARS_31
                  
                   --------------------- Info(2021-07-07 15:25:54.4995)CS-DC-17-------------------- 
                   
                   Additional Info:Get User Info start| UserName: Regr4
                  
                   --------------------- Info(2021-07-07 15:26:11.3695)CS-DC-17-------------------- 
                   
                   Additional Info:Get User Info end| UserName: Regr4
                  
                   --------------------- Info(2021-07-07 15:27:52.1436)CS-DC-17-------------------- 
                   
                   Additional Info:Get Database Connection Details start | Database: GEN_MARS_31
                  
                   --------------------- Info(2021-07-07 15:27:52.1436)CS-DC-17-------------------- 
                   
                   Additional Info:Get Database Connection Details end | Database: GEN_MARS_31
                  
                   --------------------- Info(2021-07-07 15:28:01.3454)CS-DC-17-------------------- 
                   
                   Additional Info:Get User Info start| UserName: Regr4
                  
                   --------------------- Info(2021-07-07 15:28:18.1563)CS-DC-17-------------------- 
                   
                   Additional Info:Get User Info end| UserName: Regr4
                  
                   --------------------- Info(2021-07-07 15:28:18.2193)CS-DC-17-------------------- 
                   
                   Additional Info:Update UserId start | UserId: 68
                  
                   --------------------- Info(2021-07-07 15:28:26.7060)CS-DC-17-------------------- 
                   
                   Additional Info:Update UserId end | UserId: 68
                  
                   --------------------- Info(2021-07-07 15:28:26.7070)CS-DC-17-------------------- 
                   
                   Additional Info:User Login successfully | UserName: Regr4 | Password: Regr4 | DataBase: GEN_MARS_31 | Ip Address: ::1
                  
                   --------------------- Info(2021-07-07 15:28:27.1909)CS-DC-17-------------------- 
                   
                   Additional Info:Update UserId start | UserId: 68
                  
                   --------------------- Info(2021-07-07 15:28:35.6629)CS-DC-17-------------------- 
                   
                   Additional Info:Update UserId end | UserId: 68
                  
                   --------------------- Info(2021-07-07 15:28:35.8937)CS-DC-17-------------------- 
                   
                   Additional Info:ActivePinListByUserId start | User id: 68 | Username: 
                  
                   --------------------- Info(2021-07-07 15:28:44.3889)CS-DC-17-------------------- 
                   
                   Additional Info:ActivePinListByUserId end | User id: 68 | Username: 
                  
                   --------------------- Info(2021-07-07 15:28:44.5462)CS-DC-17-------------------- 
                   
                   Additional Info:Get GridList start | UseName: Regr4
                  
                   --------------------- Info(2021-07-07 15:29:01.4294)CS-DC-17-------------------- 
                   
                   Additional Info:Get GridList end | UseName: Regr4
                  
                   --------------------- Info(2021-07-07 15:29:01.4724)CS-DC-17-------------------- 
                   
                   Additional Info:GetRolePrivilege start | UserId: 68 | Username: Regr4
                  
                   --------------------- Info(2021-07-07 15:29:26.7075)CS-DC-17-------------------- 
                   
                   Additional Info:GetRolePrivilege end | UserId: 68 | Username: Regr4
                  
                   --------------------- Info(2021-07-07 15:29:26.7075)CS-DC-17-------------------- 
                   
                   Additional Info:GetRoleByUser start | UserId: 68 | Username: Regr4
                  
                   --------------------- Info(2021-07-07 15:29:43.4142)CS-DC-17-------------------- 
                   
                   Additional Info:GetRoleByUser end | UserId: 68 | Username: Regr4
                  
                   --------------------- Info(2021-07-07 15:29:43.4142)CS-DC-17-------------------- 
                   
                   Additional Info:Get ProjectList start | UserId: 68
                  
                   --------------------- Info(2021-07-07 15:29:51.7527)CS-DC-17-------------------- 
                   
                   Additional Info:Get ProjectList end | UserId: 68
                  
                   --------------------- Info(2021-07-07 15:29:56.2197)CS-DC-17-------------------- 
                   
                   Additional Info:SignalRConnect start | Username: Regr4
                  
                   --------------------- Info(2021-07-07 15:29:56.2197)CS-DC-17-------------------- 
                   
                   Additional Info:for grant SignalRConnect start | Username: Regr4
                  
                   --------------------- Info(2021-07-07 15:30:04.5159)CS-DC-17-------------------- 
                   
                   Additional Info:After grant SignalRConnect start | Username: Regr4
                  
                   --------------------- Info(2021-07-07 15:30:12.8942)CS-DC-17-------------------- 
                   
                   Additional Info:SignalRConnect end | Username: Regr4
                  
                   --------------------- Info(2021-07-07 16:15:47.7310)CS-DC-17-------------------- 
                   
                   Additional Info:Get Storyboard List start | ProjectId: 887 | UserName: 
                  
                   --------------------- Info(2021-07-07 16:16:04.6286)CS-DC-17-------------------- 
                   
                   Additional Info:Get Storyboard List end | ProjectId: 887 | UserName: 
                  
                   --------------------- Info(2021-07-07 16:39:35.6550)CS-DC-17-------------------- 
                   
                   Additional Info:open storyborad start | Projectid: 887 | Storyboardid: 368679 | Username: Regr4
                  
                   --------------------- Info(2021-07-07 16:39:35.9140)CS-DC-17-------------------- 
                   
                   Additional Info:Get Storyboard start | Storyboardid: 368679 | UserName: Regr4
                  
                   --------------------- Info(2021-07-07 16:39:44.4744)CS-DC-17-------------------- 
                   
                   Additional Info:Get Storyboard end | Storyboardid: 368679 | UserName: Regr4
                  
                   --------------------- Info(2021-07-07 16:39:44.5854)CS-DC-17-------------------- 
                   
                   Additional Info:Get Actions start | storyboradId: 368679 | UserName: Regr4
                  
                   --------------------- Info(2021-07-07 16:39:52.9293)CS-DC-17-------------------- 
                   
                   Additional Info:Get Actions end | storyboradId: 368679 | UserName: Regr4
                  
                   --------------------- Info(2021-07-07 16:39:52.9743)CS-DC-17-------------------- 
                   
                   Additional Info:Get Test Suites start | ProjectId: 887 | UserName: Regr4
                  
                   --------------------- Info(2021-07-07 16:40:01.3546)CS-DC-17-------------------- 
                   
                   Additional Info:Get TestSuiteList end | ProjectId: 887 | UserName: Regr4
                  
                   --------------------- Info(2021-07-07 16:40:01.4854)CS-DC-17-------------------- 
                   
                   Additional Info:Get GridList start | UseName: Regr4
                  
                   --------------------- Info(2021-07-07 16:40:18.3613)CS-DC-17-------------------- 
                   
                   Additional Info:Get GridList end | UseName: Regr4
                  
                   --------------------- Info(2021-07-07 16:40:18.3633)CS-DC-17-------------------- 
                   
                   Additional Info:Get GridList start | UseName: Regr4
                  
                   --------------------- Info(2021-07-07 16:40:35.1066)CS-DC-17-------------------- 
                   
                   Additional Info:Get GridList end | UseName: Regr4
                  
                   --------------------- Info(2021-07-07 16:40:35.7142)CS-DC-17-------------------- 
                   
                   Additional Info:successfully open storyborad | Projectid: 887 | Storyboardid: 368679 | Username: Regr4
                  
                   --------------------- Info(2021-07-07 16:40:37.9514)CS-DC-17-------------------- 
                   
                   Additional Info:Get StoryBoard Details start | storyboradId: 368679 | UserName: Regr4
                  
                   --------------------- Info(2021-07-07 16:40:46.4123)CS-DC-17-------------------- 
                   
                   Additional Info:Get Compare Status stroyborad ResultList Ids start | baseline histid: 60888,59957,59961,60118,60140,60181,60890,60720,60713,60666,60357,60661,60681 | compare histid: 60883,60480,60485,60490,60495,60500,60885,60725,60699,60703,60656,60671,60691 | UserName: Regr4
                  
                   --------------------- Info(2021-07-07 16:40:54.9571)CS-DC-17-------------------- 
                   
                   Additional Info:Get Compare stroyborad ResultList end | baseline histid: 60888,59957,59961,60118,60140,60181,60890,60720,60713,60666,60357,60661,60681 | compare histid: 60883,60480,60485,60490,60495,60500,60885,60725,60699,60703,60656,60671,60691 | UserName: Regr4
                  
                   --------------------- Info(2021-07-07 16:40:54.9571)CS-DC-17-------------------- 
                   
                   Additional Info:Get StoryBoard Details end | storyboradId: 368679 | UserName: Regr4
                  
                   --------------------- Info(2021-07-07 16:40:55.4291)CS-DC-17-------------------- 
                   
                   Additional Info:Get ProjectName start | ProjectId: 887 | UserName: Regr4
                  
                   --------------------- Info(2021-07-07 16:41:03.8862)CS-DC-17-------------------- 
                   
                   Additional Info:Get ProjectName end | ProjectId: 887 | UserName: Regr4
                  
                   --------------------- Info(2021-07-07 16:41:03.8862)CS-DC-17-------------------- 
                   
                   Additional Info:Get Storyboard start | Storyboardid: 368679 | UserName: Regr4
                  
                   --------------------- Info(2021-07-07 16:41:12.3353)CS-DC-17-------------------- 
                   
                   Additional Info:Get Storyboard end | Storyboardid: 368679 | UserName: Regr4
                  
                   --------------------- Info(2021-07-07 16:50:36.9815)CS-DC-17-------------------- 
                   
                   Additional Info:GetTSTCDSId start | TestCaseName: MMKT Approve Exception | TestSuitname: Money Market Trade | Datasetname: MM_02_DOC_320 | UserName: Regr4
                  
                   --------------------- Info(2021-07-07 16:51:02.1602)CS-DC-17-------------------- 
                   
                   Additional Info:GetTSTCDSId end | TestCaseName: MMKT Approve Exception | TestSuitname: Money Market Trade | Datasetname: MM_02_DOC_320 | UserName: Regr4
                  
                   --------------------- Info(2021-07-07 16:51:02.6141)CS-DC-17-------------------- 
                   
                   Additional Info:Get TestResult start | TestCaseId: 3885 | SBDetailId: 368683 | UserName: Regr4
                  
                   --------------------- Info(2021-07-07 16:51:11.1260)CS-DC-17-------------------- 
                   
                   Additional Info:Get TestResult end | TestCaseId: 3885 | SBDetailId: 368683 | UserName: Regr4
                  
                   --------------------- Info(2021-07-07 16:51:11.2000)CS-DC-17-------------------- 
                   
                   Additional Info:Get TestResult start | TestCaseId: 3885 | SBDetailId: 368683 | UserName: Regr4
                  
                   --------------------- Info(2021-07-07 16:51:19.7158)CS-DC-17-------------------- 
                   
                   Additional Info:Get TestResult end | TestCaseId: 3885 | SBDetailId: 368683 | UserName: Regr4
                  
                   --------------------- Info(2021-07-07 16:51:37.0168)CS-DC-17-------------------- 
                   
                   Additional Info:Get GridList start | UseName: Regr4
                  
                   --------------------- Info(2021-07-07 16:51:53.7997)CS-DC-17-------------------- 
                   
                   Additional Info:Get GridList end | UseName: Regr4
                  
                   --------------------- Info(2021-07-07 16:51:53.9208)CS-DC-17-------------------- 
                   
                   Additional Info:Get TestReportId start | HistId: 59957 | Username: Regr4
                  
                   --------------------- Info(2021-07-07 16:52:02.5174)CS-DC-17-------------------- 
                   
                   Additional Info:Get TestReportId end | HistId: 59957 | Username: Regr4
                  
                   --------------------- Info(2021-07-07 16:52:02.5564)CS-DC-17-------------------- 
                   
                   Additional Info:Get TestReportId start | HistId: 60480 | Username: Regr4
                  
                   --------------------- Info(2021-07-07 16:52:10.9016)CS-DC-17-------------------- 
                   
                   Additional Info:Get TestReportId end | HistId: 60480 | Username: Regr4
                  
                   --------------------- Error(2021-07-07 16:52:14.5928)CS-DC-17-------------------- 
                   
                   Additional Info:called GetCompareResult SP 59957 : 60480
                  
                   --------------------- Info(2021-07-07 16:52:14.5928)CS-DC-17-------------------- 
                   
                   Additional Info:Get Compare stroyborad ResultList start | baseline histid: 59957 | compare histid: 60480 | UserName: Regr4
                  
                   --------------------- Info(2021-07-07 16:52:23.0118)CS-DC-17-------------------- 
                   
                   Additional Info:Get Compare stroyborad ResultList end | baseline histid: 59957 | compare histid: 60480 | UserName: Regr4
                  
                   --------------------- Error(2021-07-07 16:52:23.0118)CS-DC-17-------------------- 
                   
                   Additional Info:end  called GetCompareResult SP count :141 
                  
                   --------------------- Error(2021-07-07 16:52:23.0118)CS-DC-17-------------------- 
                   
                   Additional Info:done ckp  called GetCompareResult SP count :141 
                  
                   --------------------- Info(2021-07-07 16:54:26.5317)CS-DC-17-------------------- 
                   
                   Additional Info:GetTSTCDSId start | TestCaseName: Swaption Approve Exception | TestSuitname: Swaption Trade | Datasetname: SWOPT_03_DOC_202 | UserName: Regr4
                  
                   --------------------- Info(2021-07-07 16:54:51.6925)CS-DC-17-------------------- 
                   
                   Additional Info:GetTSTCDSId end | TestCaseName: Swaption Approve Exception | TestSuitname: Swaption Trade | Datasetname: SWOPT_03_DOC_202 | UserName: Regr4
                  
                   --------------------- Info(2021-07-07 16:54:51.8590)CS-DC-17-------------------- 
                   
                   Additional Info:Get TestResult start | TestCaseId: 3873 | SBDetailId: 368762 | UserName: Regr4
                  
                   --------------------- Info(2021-07-07 16:55:00.2930)CS-DC-17-------------------- 
                   
                   Additional Info:Get TestResult end | TestCaseId: 3873 | SBDetailId: 368762 | UserName: Regr4
                  
                   --------------------- Info(2021-07-07 16:55:00.3620)CS-DC-17-------------------- 
                   
                   Additional Info:Get TestResult start | TestCaseId: 3873 | SBDetailId: 368762 | UserName: Regr4
                  
                   --------------------- Info(2021-07-07 16:55:08.8662)CS-DC-17-------------------- 
                   
                   Additional Info:Get TestResult end | TestCaseId: 3873 | SBDetailId: 368762 | UserName: Regr4
                  
                   --------------------- Info(2021-07-07 16:58:20.9025)CS-DC-17-------------------- 
                   
                   Additional Info:Get GridList start | UseName: Regr4
                  
                   --------------------- Info(2021-07-07 16:58:37.8245)CS-DC-17-------------------- 
                   
                   Additional Info:Get GridList end | UseName: Regr4
                  
                   --------------------- Info(2021-07-07 16:58:37.8245)CS-DC-17-------------------- 
                   
                   Additional Info:Get TestReportId start | HistId: 60140 | Username: Regr4
                  
                   --------------------- Info(2021-07-07 16:58:46.2853)CS-DC-17-------------------- 
                   
                   Additional Info:Get TestReportId end | HistId: 60140 | Username: Regr4
                  
                   --------------------- Info(2021-07-07 16:58:46.2853)CS-DC-17-------------------- 
                   
                   Additional Info:Get TestReportId start | HistId: 60495 | Username: Regr4
                  
                   --------------------- Info(2021-07-07 16:58:54.6784)CS-DC-17-------------------- 
                   
                   Additional Info:Get TestReportId end | HistId: 60495 | Username: Regr4
                  
                   --------------------- Error(2021-07-07 16:58:54.8139)CS-DC-17-------------------- 
                   
                   Additional Info:called GetCompareResult SP 60140 : 60495
                  
                   --------------------- Info(2021-07-07 16:58:54.8139)CS-DC-17-------------------- 
                   
                   Additional Info:Get Compare stroyborad ResultList start | baseline histid: 60140 | compare histid: 60495 | UserName: Regr4
                  
                   --------------------- Info(2021-07-07 16:59:03.1682)CS-DC-17-------------------- 
                   
                   Additional Info:Get Compare stroyborad ResultList end | baseline histid: 60140 | compare histid: 60495 | UserName: Regr4
                  
                   --------------------- Error(2021-07-07 16:59:03.1682)CS-DC-17-------------------- 
                   
                   Additional Info:end  called GetCompareResult SP count :52 
                  
                   --------------------- Error(2021-07-07 16:59:03.1682)CS-DC-17-------------------- 
                   
                   Additional Info:done ckp  called GetCompareResult SP count :52 
                  
                   --------------------- Info(2021-07-07 17:26:10.6762)CS-DC-17-------------------- 
                   
                   Additional Info:Get StoryBoard Details start | storyboradId: 368679 | UserName: Regr4
                  
                   --------------------- Info(2021-07-07 18:07:43.0736)CS-DC-17-------------------- 
                   
                   Additional Info:Get Compare Status stroyborad ResultList Ids start | baseline histid: 60888,59957,59961,60118,60140,60181,60890,60720,60713,60666,60357,60661,60681 | compare histid: 60883,60480,60485,60490,60495,60500,60885,60725,60699,60703,60656,60671,60691 | UserName: Regr4
                  
                   --------------------- Info(2021-07-07 18:07:51.5970)CS-DC-17-------------------- 
                   
                   Additional Info:Get Compare stroyborad ResultList end | baseline histid: 60888,59957,59961,60118,60140,60181,60890,60720,60713,60666,60357,60661,60681 | compare histid: 60883,60480,60485,60490,60495,60500,60885,60725,60699,60703,60656,60671,60691 | UserName: Regr4
                  
                   --------------------- Info(2021-07-07 19:15:48.5468)CS-DC-17-------------------- 
                   
                   Additional Info:Get Database Connection Details start | Database: GEN_MARS_31
                  
                   --------------------- Info(2021-07-07 19:15:48.5706)CS-DC-17-------------------- 
                   
                   Additional Info:Get Database Connection Details end | Database: GEN_MARS_31
                  
                   --------------------- Info(2021-07-07 19:15:49.0256)CS-DC-17-------------------- 
                   
                   Additional Info:Get User Info start| UserName: Regr4
                  
                   --------------------- Info(2021-07-07 19:16:06.4602)CS-DC-17-------------------- 
                   
                   Additional Info:Get User Info end| UserName: Regr4
                  
                   --------------------- Info(2021-07-07 19:16:06.5232)CS-DC-17-------------------- 
                   
                   Additional Info:Update UserId start | UserId: 68
                  
                   --------------------- Info(2021-07-07 19:16:23.5436)CS-DC-17-------------------- 
                   
                   Additional Info:Update UserId end | UserId: 68
                  
                   --------------------- Info(2021-07-07 19:16:23.5436)CS-DC-17-------------------- 
                   
                   Additional Info:User Login successfully | UserName: Regr4 | Password: Regr4 | DataBase: GEN_MARS_31 | Ip Address: ::1
                  
                   --------------------- Info(2021-07-07 19:16:24.0376)CS-DC-17-------------------- 
                   
                   Additional Info:Update UserId start | UserId: 68
                  
                   --------------------- Info(2021-07-07 19:16:32.5019)CS-DC-17-------------------- 
                   
                   Additional Info:Update UserId end | UserId: 68
                  
                   --------------------- Info(2021-07-07 19:16:32.7540)CS-DC-17-------------------- 
                   
                   Additional Info:ActivePinListByUserId start | User id: 68 | Username: 
                  
                   --------------------- Info(2021-07-07 19:16:41.2444)CS-DC-17-------------------- 
                   
                   Additional Info:ActivePinListByUserId end | User id: 68 | Username: 
                  
                   --------------------- Info(2021-07-07 19:16:41.3925)CS-DC-17-------------------- 
                   
                   Additional Info:Get GridList start | UseName: Regr4
                  
                   --------------------- Info(2021-07-07 19:16:58.2267)CS-DC-17-------------------- 
                   
                   Additional Info:Get GridList end | UseName: Regr4
                  
                   --------------------- Info(2021-07-07 19:16:58.2687)CS-DC-17-------------------- 
                   
                   Additional Info:GetRolePrivilege start | UserId: 68 | Username: Regr4
                  
                   --------------------- Info(2021-07-07 19:17:23.4470)CS-DC-17-------------------- 
                   
                   Additional Info:GetRolePrivilege end | UserId: 68 | Username: Regr4
                  
                   --------------------- Info(2021-07-07 19:17:23.4470)CS-DC-17-------------------- 
                   
                   Additional Info:GetRoleByUser start | UserId: 68 | Username: Regr4
                  
                   --------------------- Info(2021-07-07 19:17:40.1569)CS-DC-17-------------------- 
                   
                   Additional Info:GetRoleByUser end | UserId: 68 | Username: Regr4
                  
                   --------------------- Info(2021-07-07 19:17:40.1569)CS-DC-17-------------------- 
                   
                   Additional Info:Get ProjectList start | UserId: 68
                  
                   --------------------- Info(2021-07-07 19:17:48.4226)CS-DC-17-------------------- 
                   
                   Additional Info:Get ProjectList end | UserId: 68
                  
                   --------------------- Info(2021-07-07 19:17:52.3799)CS-DC-17-------------------- 
                   
                   Additional Info:SignalRConnect start | Username: Regr4
                  
                   --------------------- Info(2021-07-07 19:17:52.3799)CS-DC-17-------------------- 
                   
                   Additional Info:for grant SignalRConnect start | Username: Regr4
                  
                   --------------------- Info(2021-07-07 19:18:00.6955)CS-DC-17-------------------- 
                   
                   Additional Info:After grant SignalRConnect start | Username: Regr4
                  
                   --------------------- Info(2021-07-07 19:18:09.0428)CS-DC-17-------------------- 
                   
                   Additional Info:SignalRConnect end | Username: Regr4
                  
                   --------------------- Info(2021-07-07 19:18:09.1568)CS-DC-17-------------------- 
                   
                   Additional Info:Get TestsuiteId start | TeastcaseId: 3776 | Username: 
                  
                   --------------------- Info(2021-07-07 19:18:17.6200)CS-DC-17-------------------- 
                   
                   Additional Info:Get TestsuiteId end | TeastcaseId: 3776 | Username: 
                  
                   --------------------- Info(2021-07-07 19:18:17.6440)CS-DC-17-------------------- 
                   
                   Additional Info:open Testcase start | Projectid: 887 | TestsuiteId: 1968 | TestcaseId: 3776 | Username: Regr4
                  
                   --------------------- Info(2021-07-07 19:18:18.1306)CS-DC-17-------------------- 
                   
                   Additional Info:Get TestCaseName start | TestCaseId: 3776 | UserName: Regr4
                  
                   --------------------- Info(2021-07-07 19:18:26.6830)CS-DC-17-------------------- 
                   
                   Additional Info:Get TestCaseName end | TestCaseId: 3776 | UserName: Regr4
                  
                   --------------------- Info(2021-07-07 19:18:26.8354)CS-DC-17-------------------- 
                   
                   Additional Info:Get Keywords start | UserName: 
                  
                   --------------------- Info(2021-07-07 19:18:35.4280)CS-DC-17-------------------- 
                   
                   Additional Info:Get Keywords end | UserName: 
                  
                   --------------------- Info(2021-07-07 19:18:35.5132)CS-DC-17-------------------- 
                   
                   Additional Info:Get Objects By PegWindowType start | TestcaseId: 3776 | UserName: Regr4
                  
                   --------------------- Info(2021-07-07 19:18:52.4426)CS-DC-17-------------------- 
                   
                   Additional Info:Get Objects By PegWindowType end | TestcaseId: 3776 | UserName: Regr4
                  
                   --------------------- Info(2021-07-07 19:18:52.5456)CS-DC-17-------------------- 
                   
                   Additional Info:Get GridList start | UseName: Regr4
                  
                   --------------------- Info(2021-07-07 19:19:09.4403)CS-DC-17-------------------- 
                   
                   Additional Info:Get GridList end | UseName: Regr4
                  
                   --------------------- Info(2021-07-07 19:19:09.4412)CS-DC-17-------------------- 
                   
                   Additional Info:Get GridList start | UseName: Regr4
                  
                   --------------------- Info(2021-07-07 19:19:26.2366)CS-DC-17-------------------- 
                   
                   Additional Info:Get GridList end | UseName: Regr4
                  
                   --------------------- Info(2021-07-07 19:19:26.4296)CS-DC-17-------------------- 
                   
                   Additional Info:open Testcase close | Projectid: 887 | TestsuiteId: 1968 | TestcaseId: 3776 | Username: Regr4
                  
                   --------------------- Info(2021-07-07 19:19:26.4296)CS-DC-17-------------------- 
                   
                   Additional Info:successfully open Testcase | Projectid: 887 | TestsuiteId: 1968 | TestcaseId: 3776 | Username: Regr4
                  
                   --------------------- Info(2021-07-07 19:19:28.2645)CS-DC-17-------------------- 
                   
                   Additional Info:Get TestCase Detail start | TestCaseId: 3776 | UserName: Regr4
                  
                   --------------------- Info(2021-07-07 19:19:45.8017)CS-DC-17-------------------- 
                   
                   Additional Info:GetTestCaseVersion start | TestCaseId: 3776 | UserId: 68 | UserName: Regr4
                  
                   --------------------- Info(2021-07-07 19:20:10.9016)CS-DC-17-------------------- 
                   
                   Additional Info:GetTestCaseVersion end | TestCaseId: 3776 | UserId: 68 | UserName: Regr4
                  
                   --------------------- Info(2021-07-07 19:20:19.1952)CS-DC-17-------------------- 
                   
                   Additional Info:Get TestCase Detail end | TestCaseId: 3776 | UserName: Regr4
                  
                   --------------------- Info(2021-07-07 19:21:04.0299)CS-DC-17-------------------- 
                   
                   Additional Info:Get Storyboard List start | ProjectId: 887 | UserName: 
                  
                   --------------------- Info(2021-07-07 19:21:20.8396)CS-DC-17-------------------- 
                   
                   Additional Info:Get Storyboard List end | ProjectId: 887 | UserName: 
                  
                   --------------------- Info(2021-07-07 19:21:23.2239)CS-DC-17-------------------- 
                   
                   Additional Info:open storyborad start | Projectid: 887 | Storyboardid: 368679 | Username: Regr4
                  
                   --------------------- Info(2021-07-07 19:21:23.4984)CS-DC-17-------------------- 
                   
                   Additional Info:Get Storyboard start | Storyboardid: 368679 | UserName: Regr4
                  
                   --------------------- Info(2021-07-07 19:21:32.0310)CS-DC-17-------------------- 
                   
                   Additional Info:Get Storyboard end | Storyboardid: 368679 | UserName: Regr4
                  
                   --------------------- Info(2021-07-07 19:21:32.1430)CS-DC-17-------------------- 
                   
                   Additional Info:Get Actions start | storyboradId: 368679 | UserName: Regr4
                  
                   --------------------- Info(2021-07-07 19:21:40.4710)CS-DC-17-------------------- 
                   
                   Additional Info:Get Actions end | storyboradId: 368679 | UserName: Regr4
                  
                   --------------------- Info(2021-07-07 19:21:40.5130)CS-DC-17-------------------- 
                   
                   Additional Info:Get Test Suites start | ProjectId: 887 | UserName: Regr4
                  
                   --------------------- Info(2021-07-07 19:21:48.8954)CS-DC-17-------------------- 
                   
                   Additional Info:Get TestSuiteList end | ProjectId: 887 | UserName: Regr4
                  
                   --------------------- Info(2021-07-07 19:21:48.9945)CS-DC-17-------------------- 
                   
                   Additional Info:Get GridList start | UseName: Regr4
                  
                   --------------------- Info(2021-07-07 19:22:05.8533)CS-DC-17-------------------- 
                   
                   Additional Info:Get GridList end | UseName: Regr4
                  
                   --------------------- Info(2021-07-07 19:22:05.8533)CS-DC-17-------------------- 
                   
                   Additional Info:Get GridList start | UseName: Regr4
                  
                   --------------------- Info(2021-07-07 19:22:22.5460)CS-DC-17-------------------- 
                   
                   Additional Info:Get GridList end | UseName: Regr4
                  
                   --------------------- Info(2021-07-07 19:22:23.1589)CS-DC-17-------------------- 
                   
                   Additional Info:successfully open storyborad | Projectid: 887 | Storyboardid: 368679 | Username: Regr4
                  
                   --------------------- Info(2021-07-07 19:22:25.4428)CS-DC-17-------------------- 
                   
                   Additional Info:Get StoryBoard Details start | storyboradId: 368679 | UserName: Regr4
                  
                   --------------------- Info(2021-07-07 19:25:04.9011)CS-DC-17-------------------- 
                   
                   Additional Info:Get Compare Status stroyborad ResultList Ids start | baseline histid: 60888,59957,59961,60118,60140,60181,60890,60720,60713,60666,60357,60661,60681 | compare histid: 60883,60480,60485,60490,60495,60500,60885,60725,60699,60703,60656,60671,60691 | UserName: Regr4
                  
                   --------------------- Info(2021-07-07 19:25:05.5366)CS-DC-17-------------------- 
                   
                   Additional Info:Get ProjectName start | ProjectId: 887 | UserName: Regr4
                  
                   --------------------- Error(2021-07-07 19:25:13.3846)CS-DC-17-------------------- 
                   
                   Additional Info:Error occured in StoryBoard for GetCompareResultStatusList method | ConnectionString: Data Source=(DESCRIPTION=(ADDRESS=(PROTOCOL=TCP)(HOST=CS-DC-17)(PORT=1521))(CONNECT_DATA=(SERVER=DEDICACATED)(SERVICE_NAME=orcl)));User Id=GEN_MARS_31;Password=GEN_MARS_31;pooling=false;Connection Timeout=100; | Schema : GEN_MARS_31 | Baseline value: 60888,59957,59961,60118,60140,60181,60890,60720,60713,60666,60357,60661,60681 | Compare Value: 60883,60480,60485,60490,60495,60500,60885,60725,60699,60703,60656,60671,60691 | UserName: Regr4
                  
                   --------------------- Error(2021-07-07 19:25:13.4082)CS-DC-17-------------------- 
                   
                   Additional Info:Error occured in StoryBoard for GetStoryBoardDetails method | ConnectionString: Data Source=(DESCRIPTION=(ADDRESS=(PROTOCOL=TCP)(HOST=CS-DC-17)(PORT=1521))(CONNECT_DATA=(SERVER=DEDICACATED)(SERVICE_NAME=orcl)));User Id=GEN_MARS_31;Password=GEN_MARS_31;pooling=false;Connection Timeout=100; | Schema : GEN_MARS_31 | Project Id: 887 | StoryBoard Id: 368679 | UserName: Regr4
                  
                   --------------------- Error(2021-07-07 19:25:13.4292)CS-DC-17-------------------- 
                   
                   Additional Info:Error occured in StoryBoard for GetStoryBoardDetails method | StoryBoard Id : 368679 | Project Id : 887 | UserName: Regr4
                  
                   --------------------- Info(2021-07-07 19:25:14.0332)CS-DC-17-------------------- 
                   
                   Additional Info:Get ProjectName end | ProjectId: 887 | UserName: Regr4
                  
                   --------------------- Info(2021-07-07 19:25:14.0332)CS-DC-17-------------------- 
                   
                   Additional Info:Get Storyboard start | Storyboardid: 368679 | UserName: Regr4
                  
                   --------------------- Info(2021-07-07 19:25:22.5117)CS-DC-17-------------------- 
                   
                   Additional Info:Get Storyboard end | Storyboardid: 368679 | UserName: Regr4
                  
                   --------------------- Info(2021-07-07 19:50:47.4968)CS-DC-17-------------------- 
                   
                   Additional Info:Update UserId start | UserId: 68
                  
                   --------------------- Info(2021-07-07 19:51:04.2586)CS-DC-17-------------------- 
                   
                   Additional Info:Update UserId end | UserId: 68
                  
                   --------------------- Info(2021-07-07 19:51:04.2586)CS-DC-17-------------------- 
                   
                   Additional Info:ActivePinListByUserId start | User id: 68 | Username: 
                  
                   --------------------- Info(2021-07-07 19:51:12.7337)CS-DC-17-------------------- 
                   
                   Additional Info:ActivePinListByUserId end | User id: 68 | Username: 
                  
                   --------------------- Info(2021-07-07 19:51:12.7977)CS-DC-17-------------------- 
                   
                   Additional Info:Get GridList start | UseName: Regr4
                  
                   --------------------- Info(2021-07-07 19:51:29.5764)CS-DC-17-------------------- 
                   
                   Additional Info:Get GridList end | UseName: Regr4
                  
                   --------------------- Info(2021-07-07 19:51:29.5764)CS-DC-17-------------------- 
                   
                   Additional Info:GetRolePrivilege start | UserId: 68 | Username: Regr4
                  
                   --------------------- Info(2021-07-07 19:51:54.6955)CS-DC-17-------------------- 
                   
                   Additional Info:GetRolePrivilege end | UserId: 68 | Username: Regr4
                  
                   --------------------- Info(2021-07-07 19:51:54.6955)CS-DC-17-------------------- 
                   
                   Additional Info:GetRoleByUser start | UserId: 68 | Username: Regr4
                  
                   --------------------- Info(2021-07-07 19:52:11.3367)CS-DC-17-------------------- 
                   
                   Additional Info:GetRoleByUser end | UserId: 68 | Username: Regr4
                  
                   --------------------- Info(2021-07-07 19:52:11.3367)CS-DC-17-------------------- 
                   
                   Additional Info:Get ProjectList start | UserId: 68
                  
                   --------------------- Info(2021-07-07 19:52:19.7058)CS-DC-17-------------------- 
                   
                   Additional Info:Get ProjectList end | UserId: 68
                  
                   --------------------- Info(2021-07-07 19:52:20.3963)CS-DC-17-------------------- 
                   
                   Additional Info:SignalRConnect start | Username: Regr4
                  
                   --------------------- Info(2021-07-07 19:52:20.3963)CS-DC-17-------------------- 
                   
                   Additional Info:for grant SignalRConnect start | Username: Regr4
                  
                   --------------------- Info(2021-07-07 19:52:28.7469)CS-DC-17-------------------- 
                   
                   Additional Info:After grant SignalRConnect start | Username: Regr4
                  
                   --------------------- Info(2021-07-07 19:52:37.0813)CS-DC-17-------------------- 
                   
                   Additional Info:SignalRConnect end | Username: Regr4
                  
                   --------------------- Info(2021-07-07 19:52:37.1969)CS-DC-17-------------------- 
                   
                   Additional Info:Get TestsuiteId start | TeastcaseId: 3776 | Username: 
                  
                   --------------------- Info(2021-07-07 19:52:45.6510)CS-DC-17-------------------- 
                   
                   Additional Info:Get TestsuiteId end | TeastcaseId: 3776 | Username: 
                  
                   --------------------- Info(2021-07-07 19:52:45.6690)CS-DC-17-------------------- 
                   
                   Additional Info:open Testcase start | Projectid: 887 | TestsuiteId: 1968 | TestcaseId: 3776 | Username: Regr4
                  
                   --------------------- Info(2021-07-07 19:52:45.8661)CS-DC-17-------------------- 
                   
                   Additional Info:Get TestCaseName start | TestCaseId: 3776 | UserName: Regr4
                  
                   --------------------- Info(2021-07-07 19:52:54.3589)CS-DC-17-------------------- 
                   
                   Additional Info:Get TestCaseName end | TestCaseId: 3776 | UserName: Regr4
                  
                   --------------------- Info(2021-07-07 19:52:54.3589)CS-DC-17-------------------- 
                   
                   Additional Info:Get Keywords start | UserName: 
                  
                   --------------------- Info(2021-07-07 19:53:02.8551)CS-DC-17-------------------- 
                   
                   Additional Info:Get Keywords end | UserName: 
                  
                   --------------------- Info(2021-07-07 19:53:02.8551)CS-DC-17-------------------- 
                   
                   Additional Info:Get Objects By PegWindowType start | TestcaseId: 3776 | UserName: Regr4
                  
                   --------------------- Info(2021-07-07 19:53:19.8661)CS-DC-17-------------------- 
                   
                   Additional Info:Get Objects By PegWindowType end | TestcaseId: 3776 | UserName: Regr4
                  
                   --------------------- Info(2021-07-07 19:53:19.9521)CS-DC-17-------------------- 
                   
                   Additional Info:Get GridList start | UseName: Regr4
                  
                   --------------------- Info(2021-07-07 19:53:36.8189)CS-DC-17-------------------- 
                   
                   Additional Info:Get GridList end | UseName: Regr4
                  
                   --------------------- Info(2021-07-07 19:53:36.8189)CS-DC-17-------------------- 
                   
                   Additional Info:Get GridList start | UseName: Regr4
                  
                   --------------------- Info(2021-07-07 19:53:53.5300)CS-DC-17-------------------- 
                   
                   Additional Info:Get GridList end | UseName: Regr4
                  
                   --------------------- Info(2021-07-07 19:53:53.5300)CS-DC-17-------------------- 
                   
                   Additional Info:open Testcase close | Projectid: 887 | TestsuiteId: 1968 | TestcaseId: 3776 | Username: Regr4
                  
                   --------------------- Info(2021-07-07 19:53:53.5300)CS-DC-17-------------------- 
                   
                   Additional Info:successfully open Testcase | Projectid: 887 | TestsuiteId: 1968 | TestcaseId: 3776 | Username: Regr4
                  
                   --------------------- Info(2021-07-07 19:53:53.6287)CS-DC-17-------------------- 
                   
                   Additional Info:Get TestCase Detail start | TestCaseId: 3776 | UserName: Regr4
                  
                   --------------------- Info(2021-07-07 19:54:11.2722)CS-DC-17-------------------- 
                   
                   Additional Info:GetTestCaseVersion start | TestCaseId: 3776 | UserId: 68 | UserName: Regr4
                  
                   --------------------- Info(2021-07-07 19:54:36.2946)CS-DC-17-------------------- 
                   
                   Additional Info:GetTestCaseVersion end | TestCaseId: 3776 | UserId: 68 | UserName: Regr4
                  
                   --------------------- Info(2021-07-07 19:54:44.6693)CS-DC-17-------------------- 
                   
                   Additional Info:Get TestCase Detail end | TestCaseId: 3776 | UserName: Regr4
                  
                   --------------------- Info(2021-07-07 19:55:21.7965)CS-DC-17-------------------- 
                   
                   Additional Info:Get Storyboard List start | ProjectId: 887 | UserName: 
                  
                   --------------------- Info(2021-07-07 19:55:38.6071)CS-DC-17-------------------- 
                   
                   Additional Info:Get Storyboard List end | ProjectId: 887 | UserName: 
                  
                   --------------------- Info(2021-07-07 19:55:42.3181)CS-DC-17-------------------- 
                   
                   Additional Info:Check Pin Exist start | User id: 68 | Username: 
                  
                   --------------------- Info(2021-07-07 19:55:50.7595)CS-DC-17-------------------- 
                   
                   Additional Info:Check Pin Exist end | User id: 68 | Username: 
                  
                   --------------------- Info(2021-07-07 19:56:10.5711)CS-DC-17-------------------- 
                   
                   Additional Info:Change Activate Tab start | UserId: 68 | UserName: 
                  
                   --------------------- Info(2021-07-07 19:56:35.7868)CS-DC-17-------------------- 
                   
                   Additional Info:Change Activate Tab end | UserId: 68 | UserName: 
                  
                   --------------------- Info(2021-07-07 19:57:15.7935)CS-DC-17-------------------- 
                   
                   Additional Info:Close Tab | TabName: BOND_Account_Postings | UserName: Regr4
                  
                   --------------------- Info(2021-07-07 19:57:16.3890)CS-DC-17-------------------- 
                   
                   Additional Info:Update Is Available start | TestCaseId: ,3776 | UserName: Regr4
                  
                   --------------------- Info(2021-07-07 19:57:33.2503)CS-DC-17-------------------- 
                   
                   Additional Info:Update Is Available end | TestCaseId: ,3776 | UserName: Regr4
                  
                   --------------------- Info(2021-07-07 19:57:33.6014)CS-DC-17-------------------- 
                   
                   Additional Info:open storyborad start | Projectid: 887 | Storyboardid: 368679 | Username: Regr4
                  
                   --------------------- Info(2021-07-07 19:57:33.6674)CS-DC-17-------------------- 
                   
                   Additional Info:Get Storyboard start | Storyboardid: 368679 | UserName: Regr4
                  
                   --------------------- Info(2021-07-07 19:57:42.1981)CS-DC-17-------------------- 
                   
                   Additional Info:Get Storyboard end | Storyboardid: 368679 | UserName: Regr4
                  
                   --------------------- Info(2021-07-07 19:57:42.1981)CS-DC-17-------------------- 
                   
                   Additional Info:Get Actions start | storyboradId: 368679 | UserName: Regr4
                  
                   --------------------- Info(2021-07-07 19:57:50.6150)CS-DC-17-------------------- 
                   
                   Additional Info:Get Actions end | storyboradId: 368679 | UserName: Regr4
                  
                   --------------------- Info(2021-07-07 19:57:50.6150)CS-DC-17-------------------- 
                   
                   Additional Info:Get Test Suites start | ProjectId: 887 | UserName: Regr4
                  
                   --------------------- Info(2021-07-07 19:57:58.9206)CS-DC-17-------------------- 
                   
                   Additional Info:Get TestSuiteList end | ProjectId: 887 | UserName: Regr4
                  
                   --------------------- Info(2021-07-07 19:57:58.9806)CS-DC-17-------------------- 
                   
                   Additional Info:Get GridList start | UseName: Regr4
                  
                   --------------------- Info(2021-07-07 19:58:15.7193)CS-DC-17-------------------- 
                   
                   Additional Info:Get GridList end | UseName: Regr4
                  
                   --------------------- Info(2021-07-07 19:58:15.7193)CS-DC-17-------------------- 
                   
                   Additional Info:Get GridList start | UseName: Regr4
                  
                   --------------------- Info(2021-07-07 19:58:32.4739)CS-DC-17-------------------- 
                   
                   Additional Info:Get GridList end | UseName: Regr4
                  
                   --------------------- Info(2021-07-07 19:58:32.4739)CS-DC-17-------------------- 
                   
                   Additional Info:successfully open storyborad | Projectid: 887 | Storyboardid: 368679 | Username: Regr4
                  
                   --------------------- Info(2021-07-07 19:58:32.4909)CS-DC-17-------------------- 
                   
                   Additional Info:open storyborad start | Projectid: 887 | Storyboardid: 368679 | Username: Regr4
                  
                   --------------------- Info(2021-07-07 19:58:32.5739)CS-DC-17-------------------- 
                   
                   Additional Info:Get Storyboard start | Storyboardid: 368679 | UserName: Regr4
                  
                   --------------------- Info(2021-07-07 19:58:41.1095)CS-DC-17-------------------- 
                   
                   Additional Info:Get Storyboard end | Storyboardid: 368679 | UserName: Regr4
                  
                   --------------------- Info(2021-07-07 19:58:41.1095)CS-DC-17-------------------- 
                   
                   Additional Info:Get Actions start | storyboradId: 368679 | UserName: Regr4
                  
                   --------------------- Info(2021-07-07 19:58:49.4854)CS-DC-17-------------------- 
                   
                   Additional Info:Get Actions end | storyboradId: 368679 | UserName: Regr4
                  
                   --------------------- Info(2021-07-07 19:58:49.4854)CS-DC-17-------------------- 
                   
                   Additional Info:Get Test Suites start | ProjectId: 887 | UserName: Regr4
                  
                   --------------------- Info(2021-07-07 19:58:57.8737)CS-DC-17-------------------- 
                   
                   Additional Info:Get TestSuiteList end | ProjectId: 887 | UserName: Regr4
                  
                   --------------------- Info(2021-07-07 19:58:57.9357)CS-DC-17-------------------- 
                   
                   Additional Info:Get GridList start | UseName: Regr4
                  
                   --------------------- Info(2021-07-07 19:59:14.7917)CS-DC-17-------------------- 
                   
                   Additional Info:Get GridList end | UseName: Regr4
                  
                   --------------------- Info(2021-07-07 19:59:14.7917)CS-DC-17-------------------- 
                   
                   Additional Info:Get GridList start | UseName: Regr4
                  
                   --------------------- Info(2021-07-07 19:59:31.4817)CS-DC-17-------------------- 
                   
                   Additional Info:Get GridList end | UseName: Regr4
                  
                   --------------------- Info(2021-07-07 19:59:31.4817)CS-DC-17-------------------- 
                   
                   Additional Info:successfully open storyborad | Projectid: 887 | Storyboardid: 368679 | Username: Regr4
                  
                   --------------------- Info(2021-07-07 19:59:31.6357)CS-DC-17-------------------- 
                   
                   Additional Info:Get StoryBoard Details start | storyboradId: 368679 | UserName: Regr4
                  
                   --------------------- Info(2021-07-07 19:59:40.0157)CS-DC-17-------------------- 
                   
                   Additional Info:Get Compare Status stroyborad ResultList Ids start | baseline histid: 60888,59957,59961,60118,60140,60181,60890,60720,60713,60666,60357,60661,60681 | compare histid: 60883,60480,60485,60490,60495,60500,60885,60725,60699,60703,60656,60671,60691 | UserName: Regr4
                  
                   --------------------- Error(2021-07-07 19:59:48.5104)CS-DC-17-------------------- 
                   
                   Additional Info:Error occured in StoryBoard for GetCompareResultStatusList method | ConnectionString: Data Source=(DESCRIPTION=(ADDRESS=(PROTOCOL=TCP)(HOST=CS-DC-17)(PORT=1521))(CONNECT_DATA=(SERVER=DEDICACATED)(SERVICE_NAME=orcl)));User Id=GEN_MARS_31;Password=GEN_MARS_31;pooling=false;Connection Timeout=100; | Schema : GEN_MARS_31 | Baseline value: 60888,59957,59961,60118,60140,60181,60890,60720,60713,60666,60357,60661,60681 | Compare Value: 60883,60480,60485,60490,60495,60500,60885,60725,60699,60703,60656,60671,60691 | UserName: Regr4
                  
                   --------------------- Error(2021-07-07 20:04:07.7700)CS-DC-17-------------------- 
                   
                   Additional Info:Error occured in StoryBoard for GetStoryBoardDetails method | ConnectionString: Data Source=(DESCRIPTION=(ADDRESS=(PROTOCOL=TCP)(HOST=CS-DC-17)(PORT=1521))(CONNECT_DATA=(SERVER=DEDICACATED)(SERVICE_NAME=orcl)));User Id=GEN_MARS_31;Password=GEN_MARS_31;pooling=false;Connection Timeout=100; | Schema : GEN_MARS_31 | Project Id: 887 | StoryBoard Id: 368679 | UserName: Regr4
                  
                   --------------------- Info(2021-07-07 20:04:18.6902)CS-DC-17-------------------- 
                   
                   Additional Info:Get StoryBoard Details start | storyboradId: 368679 | UserName: Regr4
                  
                   --------------------- Info(2021-07-07 20:04:18.8062)CS-DC-17-------------------- 
                   
                   Additional Info:Get ProjectName start | ProjectId: 887 | UserName: Regr4
                  
                   --------------------- Info(2021-07-07 20:04:27.1200)CS-DC-17-------------------- 
                   
                   Additional Info:Get Compare Status stroyborad ResultList Ids start | baseline histid: 60888,59957,59961,60118,60140,60181,60890,60720,60713,60666,60357,60661,60681 | compare histid: 60883,60480,60485,60490,60495,60500,60885,60725,60699,60703,60656,60671,60691 | UserName: Regr4
                  
                   --------------------- Info(2021-07-07 20:04:27.3194)CS-DC-17-------------------- 
                   
                   Additional Info:Get ProjectName end | ProjectId: 887 | UserName: Regr4
                  
                   --------------------- Info(2021-07-07 20:04:27.3194)CS-DC-17-------------------- 
                   
                   Additional Info:Get Storyboard start | Storyboardid: 368679 | UserName: Regr4
                  
                   --------------------- Error(2021-07-07 20:04:35.7807)CS-DC-17-------------------- 
                   
                   Additional Info:Error occured in StoryBoard for GetCompareResultStatusList method | ConnectionString: Data Source=(DESCRIPTION=(ADDRESS=(PROTOCOL=TCP)(HOST=CS-DC-17)(PORT=1521))(CONNECT_DATA=(SERVER=DEDICACATED)(SERVICE_NAME=orcl)));User Id=GEN_MARS_31;Password=GEN_MARS_31;pooling=false;Connection Timeout=100; | Schema : GEN_MARS_31 | Baseline value: 60888,59957,59961,60118,60140,60181,60890,60720,60713,60666,60357,60661,60681 | Compare Value: 60883,60480,60485,60490,60495,60500,60885,60725,60699,60703,60656,60671,60691 | UserName: Regr4
                  
                   --------------------- Info(2021-07-07 20:05:09.1320)CS-DC-17-------------------- 
                   
                   Additional Info:Get Storyboard end | Storyboardid: 368679 | UserName: Regr4
                  
                   --------------------- Error(2021-07-07 20:05:10.5776)CS-DC-17-------------------- 
                   
                   Additional Info:Error occured in StoryBoard for GetStoryBoardDetails method | ConnectionString: Data Source=(DESCRIPTION=(ADDRESS=(PROTOCOL=TCP)(HOST=CS-DC-17)(PORT=1521))(CONNECT_DATA=(SERVER=DEDICACATED)(SERVICE_NAME=orcl)));User Id=GEN_MARS_31;Password=GEN_MARS_31;pooling=false;Connection Timeout=100; | Schema : GEN_MARS_31 | Project Id: 887 | StoryBoard Id: 368679 | UserName: Regr4
                  
                   --------------------- Info(2021-07-07 20:05:21.9081)CS-DC-17-------------------- 
                   
                   Additional Info:Get StoryBoard Details start | storyboradId: 368679 | UserName: Regr4
                  
                   --------------------- Info(2021-07-07 20:05:21.9641)CS-DC-17-------------------- 
                   
                   Additional Info:Get StoryBoard Details start | storyboradId: 368679 | UserName: Regr4
                  
                   --------------------- Info(2021-07-07 20:05:30.2571)CS-DC-17-------------------- 
                   
                   Additional Info:Get Compare Status stroyborad ResultList Ids start | baseline histid: 60888,59957,59961,60118,60140,60181,60890,60720,60713,60666,60357,60661,60681 | compare histid: 60883,60480,60485,60490,60495,60500,60885,60725,60699,60703,60656,60671,60691 | UserName: Regr4
                  
                   --------------------- Info(2021-07-07 20:05:30.2571)CS-DC-17-------------------- 
                   
                   Additional Info:Get Compare Status stroyborad ResultList Ids start | baseline histid: 60888,59957,59961,60118,60140,60181,60890,60720,60713,60666,60357,60661,60681 | compare histid: 60883,60480,60485,60490,60495,60500,60885,60725,60699,60703,60656,60671,60691 | UserName: Regr4
                  
                   --------------------- Info(2021-07-07 20:09:08.5881)CS-DC-17-------------------- 
                   
                   Additional Info:Get Database Connection Details start | Database: GEN_MARS_31
                  
                   --------------------- Info(2021-07-07 20:09:08.6091)CS-DC-17-------------------- 
                   
                   Additional Info:Get Database Connection Details end | Database: GEN_MARS_31
                  
                   --------------------- Info(2021-07-07 20:09:09.0759)CS-DC-17-------------------- 
                   
                   Additional Info:Get User Info start| UserName: Regr4
                  
                   --------------------- Info(2021-07-07 20:09:26.5128)CS-DC-17-------------------- 
                   
                   Additional Info:Get User Info end| UserName: Regr4
                  
                   --------------------- Info(2021-07-07 20:09:26.5788)CS-DC-17-------------------- 
                   
                   Additional Info:Update UserId start | UserId: 68
                  
                   --------------------- Info(2021-07-07 20:09:35.1371)CS-DC-17-------------------- 
                   
                   Additional Info:Update UserId end | UserId: 68
                  
                   --------------------- Info(2021-07-07 20:09:35.1371)CS-DC-17-------------------- 
                   
                   Additional Info:User Login successfully | UserName: Regr4 | Password: Regr4 | DataBase: GEN_MARS_31 | Ip Address: ::1
                  
                   --------------------- Info(2021-07-07 20:09:35.6117)CS-DC-17-------------------- 
                   
                   Additional Info:Update UserId start | UserId: 68
                  
                   --------------------- Info(2021-07-07 20:09:44.1132)CS-DC-17-------------------- 
                   
                   Additional Info:Update UserId end | UserId: 68
                  
                   --------------------- Info(2021-07-07 20:09:44.3492)CS-DC-17-------------------- 
                   
                   Additional Info:ActivePinListByUserId start | User id: 68 | Username: 
                  
                   --------------------- Info(2021-07-07 20:09:52.8842)CS-DC-17-------------------- 
                   
                   Additional Info:ActivePinListByUserId end | User id: 68 | Username: 
                  
                   --------------------- Info(2021-07-07 20:09:53.0132)CS-DC-17-------------------- 
                   
                   Additional Info:Get GridList start | UseName: Regr4
                  
                   --------------------- Info(2021-07-07 20:10:09.8771)CS-DC-17-------------------- 
                   
                   Additional Info:Get GridList end | UseName: Regr4
                  
                   --------------------- Info(2021-07-07 20:10:09.9192)CS-DC-17-------------------- 
                   
                   Additional Info:GetRolePrivilege start | UserId: 68 | Username: Regr4
                  
                   --------------------- Info(2021-07-07 20:10:35.1757)CS-DC-17-------------------- 
                   
                   Additional Info:GetRolePrivilege end | UserId: 68 | Username: Regr4
                  
                   --------------------- Info(2021-07-07 20:10:35.1757)CS-DC-17-------------------- 
                   
                   Additional Info:GetRoleByUser start | UserId: 68 | Username: Regr4
                  
                   --------------------- Info(2021-07-07 20:10:51.9083)CS-DC-17-------------------- 
                   
                   Additional Info:GetRoleByUser end | UserId: 68 | Username: Regr4
                  
                   --------------------- Info(2021-07-07 20:10:51.9083)CS-DC-17-------------------- 
                   
                   Additional Info:Get ProjectList start | UserId: 68
                  
                   --------------------- Info(2021-07-07 20:11:00.2511)CS-DC-17-------------------- 
                   
                   Additional Info:Get ProjectList end | UserId: 68
                  
                   --------------------- Info(2021-07-07 20:11:04.0281)CS-DC-17-------------------- 
                   
                   Additional Info:SignalRConnect start | Username: Regr4
                  
                   --------------------- Info(2021-07-07 20:11:04.0281)CS-DC-17-------------------- 
                   
                   Additional Info:for grant SignalRConnect start | Username: Regr4
                  
                   --------------------- Info(2021-07-07 20:11:12.4015)CS-DC-17-------------------- 
                   
                   Additional Info:After grant SignalRConnect start | Username: Regr4
                  
                   --------------------- Info(2021-07-07 20:11:20.8420)CS-DC-17-------------------- 
                   
                   Additional Info:SignalRConnect end | Username: Regr4
                  
                   --------------------- Info(2021-07-07 20:13:20.7294)CS-DC-17-------------------- 
                   
                   Additional Info:Get Storyboard List start | ProjectId: 887 | UserName: 
                  
                   --------------------- Info(2021-07-07 20:13:37.6418)CS-DC-17-------------------- 
                   
                   Additional Info:Get Storyboard List end | ProjectId: 887 | UserName: 
                  
                   --------------------- Info(2021-07-07 20:14:25.7570)CS-DC-17-------------------- 
                   
                   Additional Info:open storyborad start | Projectid: 887 | Storyboardid: 368679 | Username: Regr4
                  
                   --------------------- Info(2021-07-07 20:14:26.0168)CS-DC-17-------------------- 
                   
                   Additional Info:Get Storyboard start | Storyboardid: 368679 | UserName: Regr4
                  
                   --------------------- Info(2021-07-07 20:14:34.5888)CS-DC-17-------------------- 
                   
                   Additional Info:Get Storyboard end | Storyboardid: 368679 | UserName: Regr4
                  
                   --------------------- Info(2021-07-07 20:14:34.7011)CS-DC-17-------------------- 
                   
                   Additional Info:Get Actions start | storyboradId: 368679 | UserName: Regr4
                  
                   --------------------- Info(2021-07-07 20:14:43.0703)CS-DC-17-------------------- 
                   
                   Additional Info:Get Actions end | storyboradId: 368679 | UserName: Regr4
                  
                   --------------------- Info(2021-07-07 20:14:43.1173)CS-DC-17-------------------- 
                   
                   Additional Info:Get Test Suites start | ProjectId: 887 | UserName: Regr4
                  
                   --------------------- Info(2021-07-07 20:14:51.4708)CS-DC-17-------------------- 
                   
                   Additional Info:Get TestSuiteList end | ProjectId: 887 | UserName: Regr4
                  
                   --------------------- Info(2021-07-07 20:14:51.5728)CS-DC-17-------------------- 
                   
                   Additional Info:Get GridList start | UseName: Regr4
                  
                   --------------------- Info(2021-07-07 20:15:08.3293)CS-DC-17-------------------- 
                   
                   Additional Info:Get GridList end | UseName: Regr4
                  
                   --------------------- Info(2021-07-07 20:15:08.3293)CS-DC-17-------------------- 
                   
                   Additional Info:Get GridList start | UseName: Regr4
                  
                   --------------------- Info(2021-07-07 20:15:25.0181)CS-DC-17-------------------- 
                   
                   Additional Info:Get GridList end | UseName: Regr4
                  
                   --------------------- Info(2021-07-07 20:15:25.6241)CS-DC-17-------------------- 
                   
                   Additional Info:successfully open storyborad | Projectid: 887 | Storyboardid: 368679 | Username: Regr4
                  
                   --------------------- Info(2021-07-07 20:15:27.9264)CS-DC-17-------------------- 
                   
                   Additional Info:Get StoryBoard Details start | storyboradId: 368679 | UserName: Regr4
                  
                   --------------------- Info(2021-07-07 20:15:36.3232)CS-DC-17-------------------- 
                   
                   Additional Info:Get Compare Status stroyborad ResultList Ids start | baseline histid: 60888,59957,59961,60118,60140,60181,60890,60720,60713,60666,60357,60661,60681 | compare histid: 60883,60480,60485,60490,60495,60500,60885,60725,60699,60703,60656,60671,60691 | UserName: Regr4
                  
                   --------------------- Info(2021-07-07 20:16:44.9704)CS-DC-17-------------------- 
                   
                   Additional Info:Get Compare stroyborad ResultList end | baseline histid: 60888,59957,59961,60118,60140,60181,60890,60720,60713,60666,60357,60661,60681 | compare histid: 60883,60480,60485,60490,60495,60500,60885,60725,60699,60703,60656,60671,60691 | UserName: Regr4
                  
                   --------------------- Info(2021-07-07 20:18:06.3780)CS-DC-17-------------------- 
                   
                   Additional Info:Get StoryBoard Details end | storyboradId: 368679 | UserName: Regr4
                  
                   --------------------- Info(2021-07-07 20:18:06.4520)CS-DC-17-------------------- 
                   
                   Additional Info:Get ProjectName start | ProjectId: 887 | UserName: Regr4
                  
                   --------------------- Info(2021-07-07 20:18:14.8798)CS-DC-17-------------------- 
                   
                   Additional Info:Get ProjectName end | ProjectId: 887 | UserName: Regr4
                  
                   --------------------- Info(2021-07-07 20:18:14.8798)CS-DC-17-------------------- 
                   
                   Additional Info:Get Storyboard start | Storyboardid: 368679 | UserName: Regr4
                  
                   --------------------- Info(2021-07-07 20:18:23.4150)CS-DC-17-------------------- 
                   
                   Additional Info:Get Storyboard end | Storyboardid: 368679 | UserName: Regr4
                  
                   --------------------- Info(2021-07-07 20:19:24.9374)CS-DC-17-------------------- 
                   
                   Additional Info:GetTSTCDSId start | TestCaseName: Swap Approve Exception | TestSuitname: Swap Trade | Datasetname: Swap_13_DOC_202 | UserName: Regr4
                  
                   --------------------- Info(2021-07-07 20:19:50.1766)CS-DC-17-------------------- 
                   
                   Additional Info:GetTSTCDSId end | TestCaseName: Swap Approve Exception | TestSuitname: Swap Trade | Datasetname: Swap_13_DOC_202 | UserName: Regr4
                  
                   --------------------- Info(2021-07-07 20:19:50.6536)CS-DC-17-------------------- 
                   
                   Additional Info:Get TestResult start | TestCaseId: 3670 | SBDetailId: 368925 | UserName: Regr4
                  
                   --------------------- Info(2021-07-07 20:19:59.1508)CS-DC-17-------------------- 
                   
                   Additional Info:Get TestResult end | TestCaseId: 3670 | SBDetailId: 368925 | UserName: Regr4
                  
                   --------------------- Info(2021-07-07 20:19:59.2248)CS-DC-17-------------------- 
                   
                   Additional Info:Get TestResult start | TestCaseId: 3670 | SBDetailId: 368925 | UserName: Regr4
                  
                   --------------------- Info(2021-07-07 20:20:07.6885)CS-DC-17-------------------- 
                   
                   Additional Info:Get TestResult end | TestCaseId: 3670 | SBDetailId: 368925 | UserName: Regr4
                  
                   --------------------- Info(2021-07-07 20:20:31.8424)CS-DC-17-------------------- 
                   
                   Additional Info:Get GridList start | UseName: Regr4
                  
                   --------------------- Info(2021-07-07 20:20:48.7676)CS-DC-17-------------------- 
                   
                   Additional Info:Get GridList end | UseName: Regr4
                  
                   --------------------- Info(2021-07-07 20:20:48.8880)CS-DC-17-------------------- 
                   
                   Additional Info:Get TestReportId start | HistId: 60713 | Username: Regr4
                  
                   --------------------- Info(2021-07-07 20:20:57.4182)CS-DC-17-------------------- 
                   
                   Additional Info:Get TestReportId end | HistId: 60713 | Username: Regr4
                  
                   --------------------- Info(2021-07-07 20:20:57.4592)CS-DC-17-------------------- 
                   
                   Additional Info:Get TestReportId start | HistId: 60699 | Username: Regr4
                  
                   --------------------- Info(2021-07-07 20:21:05.8066)CS-DC-17-------------------- 
                   
                   Additional Info:Get TestReportId end | HistId: 60699 | Username: Regr4
                  
                   --------------------- Error(2021-07-07 20:21:06.6871)CS-DC-17-------------------- 
                   
                   Additional Info:called GetCompareResult SP 60713 : 60699
                  
                   --------------------- Info(2021-07-07 20:21:06.6871)CS-DC-17-------------------- 
                   
                   Additional Info:Get Compare stroyborad ResultList start | baseline histid: 60713 | compare histid: 60699 | UserName: Regr4
                  
                   --------------------- Info(2021-07-07 20:21:15.1550)CS-DC-17-------------------- 
                   
                   Additional Info:Get Compare stroyborad ResultList end | baseline histid: 60713 | compare histid: 60699 | UserName: Regr4
                  
                   --------------------- Error(2021-07-07 20:21:15.1550)CS-DC-17-------------------- 
                   
                   Additional Info:end  called GetCompareResult SP count :90 
                  
                   --------------------- Error(2021-07-07 20:21:15.1610)CS-DC-17-------------------- 
                   
                   Additional Info:done ckp  called GetCompareResult SP count :90 
                  
                   --------------------- Info(2021-07-07 20:21:28.9174)CS-DC-17-------------------- 
                   
                   Additional Info:Close Tab | TabName: ResultView_BHistoryId_60713_CHistoryId_60699 | UserName: Regr4
                  
