                   --------------------- Info(2021-08-16 14:47:53.1473)CS-DC-15-------------------- 
                   
                   Additional Info:List Compare Config start | Username: 
                  
                   --------------------- Info(2021-08-16 14:48:02.6049)CS-DC-15-------------------- 
                   
                   Additional Info:List Compare Config start | Username: 
                  
                   --------------------- Info(2021-08-16 14:52:23.7804)CS-DC-15-------------------- 
                   
                   Additional Info:List Compare Config start | Username: 
                  
                   --------------------- Info(2021-08-16 14:52:39.2762)CS-DC-15-------------------- 
                   
                   Additional Info:List Compare Config start | Username: 
                  
                   --------------------- Info(2021-08-16 14:52:59.5673)CS-DC-15-------------------- 
                   
                   Additional Info:List Compare Config start | Username: 
                  
                   --------------------- Info(2021-08-16 14:53:43.8670)CS-DC-15-------------------- 
                   
                   Additional Info:List Compare Config end | Username: 
                  
                   --------------------- Info(2021-08-16 14:53:58.4741)CS-DC-15-------------------- 
                   
                   Additional Info:List Compare Config end | Username: 
                  
                   --------------------- Info(2021-08-16 14:54:19.9821)CS-DC-15-------------------- 
                   
                   Additional Info:List Compare Config end | Username: 
                  
                   --------------------- Info(2021-08-24 14:53:00.7140)CS-DC-15-------------------- 
                   
                   Additional Info:Get User Info start| UserName: admin
                  
                   --------------------- Info(2021-08-24 14:53:07.2648)CS-DC-15-------------------- 
                   
                   Additional Info:Get User Info end| UserName: admin
                  
                   --------------------- Info(2021-08-24 14:57:22.7914)CS-DC-15-------------------- 
                   
                   Additional Info:List Application start | UserName: 
                  
                   --------------------- Info(2021-08-24 14:57:25.5575)CS-DC-15-------------------- 
                   
                   Additional Info:List Application end | UserName: 
                  
                   --------------------- Info(2021-08-24 15:01:10.4292)CS-DC-15-------------------- 
                   
                   Additional Info:List Application start | UserName: 
                  
                   --------------------- Info(2021-08-24 15:01:14.6257)CS-DC-15-------------------- 
                   
                   Additional Info:List Application end | UserName: 
                  
                   --------------------- Info(2021-08-24 15:05:03.7798)CS-DC-15-------------------- 
                   
                   Additional Info:List Application start | UserName: 
                  
                   --------------------- Info(2021-08-24 15:05:07.9882)CS-DC-15-------------------- 
                   
                   Additional Info:List Application end | UserName: 
                  
                   --------------------- Info(2021-08-24 15:18:31.8405)CS-DC-15-------------------- 
                   
                   Additional Info:List Application start | UserName: 
                  
                   --------------------- Info(2021-08-24 15:18:36.0384)CS-DC-15-------------------- 
                   
                   Additional Info:List Application end | UserName: 
                  
                   --------------------- Info(2021-08-24 15:23:19.0598)CS-DC-15-------------------- 
                   
                   Additional Info:List Application start | UserName: 
                  
                   --------------------- Info(2021-08-24 15:23:23.3929)CS-DC-15-------------------- 
                   
                   Additional Info:List Application end | UserName: 
                  
